  Engine.cpp
C:\Users\ferni\Desktop\Dev\cpp\graphics\sfml\proyects\minecraft\vs_current\minecraft\Engine\Engine.cpp(23,246): warning C4244: 'argument': conversion from 'double' to 'T', possible loss of data
          with
          [
              T=float
          ]
  main.cpp
  GameScreen.cpp
C:\Users\ferni\Desktop\Dev\cpp\graphics\sfml\proyects\minecraft\vs_current\minecraft\Screens\GameScreen\GameScreen.cpp(16,64): warning C4244: 'argument': conversion from 'T' to 'float', possible loss of data
          with
          [
              T=unsigned int
          ]
C:\Users\ferni\Desktop\Dev\cpp\graphics\sfml\proyects\minecraft\vs_current\minecraft\Screens\GameScreen\GameScreen.cpp(16,38): warning C4244: 'argument': conversion from 'T' to 'float', possible loss of data
          with
          [
              T=unsigned int
          ]
C:\Users\ferni\Desktop\Dev\cpp\graphics\sfml\proyects\minecraft\vs_current\minecraft\Screens\GameScreen\GameScreen.cpp(24,54): warning C4244: 'argument': conversion from 'T' to 'T', possible loss of data
          with
          [
              T=unsigned int
          ]
          and
          [
              T=float
          ]
C:\Users\ferni\Desktop\Dev\cpp\graphics\sfml\proyects\minecraft\vs_current\minecraft\Screens\GameScreen\GameScreen.cpp(26,61): warning C4244: 'argument': conversion from 'T' to 'T', possible loss of data
          with
          [
              T=unsigned int
          ]
          and
          [
              T=float
          ]
  LoadScreen.cpp
C:\Users\ferni\Desktop\Dev\cpp\graphics\sfml\proyects\minecraft\vs_current\minecraft\Screens\LoadScreen\LoadScreen.cpp(18,147): warning C4244: 'argument': conversion from 'T' to 'T', possible loss of data
          with
          [
              T=unsigned int
          ]
          and
          [
              T=float
          ]
  MainScreen.cpp
C:\Users\ferni\Desktop\Dev\cpp\graphics\sfml\proyects\minecraft\vs_current\minecraft\Screens\TittleScreen\MainScreen.cpp(23,109): warning C4244: 'argument': conversion from 'T' to 'T', possible loss of data
          with
          [
              T=unsigned int
          ]
          and
          [
              T=float
          ]
C:\Users\ferni\Desktop\Dev\cpp\graphics\sfml\proyects\minecraft\vs_current\minecraft\Screens\TittleScreen\MainScreen.cpp(29,178): warning C4244: 'argument': conversion from 'T' to 'T', possible loss of data
          with
          [
              T=unsigned int
          ]
          and
          [
              T=float
          ]
  ResourceRandomizer.cpp
C:\Users\ferni\Desktop\Dev\cpp\graphics\sfml\proyects\minecraft\vs_current\minecraft\Utils\ResourceRandomizer.cpp(232,69): warning C4267: 'argument': conversion from 'size_t' to '_Ty', possible loss of data
          with
          [
              _Ty=int
          ]
  Generating code
  Previous IPDB not found, fall back to full compilation.
  All 212 functions were compiled because no usable IPDB/IOBJ from previous compilation was found.
  Finished generating code
  minecraft.vcxproj -> C:\Users\ferni\Desktop\Dev\cpp\graphics\sfml\proyects\minecraft\vs_current\x64\Release\minecraft.exe
